
 ===================================================
  Athena Vortex Lattice  Program      Version  3.40
  Copyright (C) 2002   Mark Drela, Harold Youngren

  This software comes with ABSOLUTELY NO WARRANTY,
    subject to the GNU General Public License.

  Caveat computor
 ===================================================

 ==========================================================
   Quit    Exit program

  .OPER    Compute operating-point run cases
  .MODE    Eigenvalue analysis of run cases
  .TIME    Time-domain calculations

   LOAD f  Read configuration input file
   MASS f  Read mass distribution file
   CASE f  Read run case file

   CINI    Clear and initialize run cases
   MSET i  Apply mass file data to stored run case(s)

  .PLOP    Plotting options
   NAME s  Specify new configuration name

 AVL   c>  
 Reading file: runs/gokce/model.avl  ...

 Configuration: gokce                                                       

   Building surface: Wing                                    
  
   Building duplicate image-surface: Wing (YDUP)                             

   Building surface: Horizontal tail                         
  
   Building duplicate image-surface: Horizontal tail (YDUP)                  

   Building surface: Fin                                     

 Mach =    0.0000  (default)

    0 Bodies
    5 Solid surfaces
   82 Strips
  752 Vortices

    3 Control variables
    0 Design parameters

 Initializing run cases...

 AVL   c>  
 Operation of run case 1/1:   -unnamed-                              
 ==========================================================

  variable          constraint              
  ------------      ------------------------
  A lpha        ->  alpha       =   0.000         
  B eta         ->  beta        =   0.000         
  R oll  rate   ->  pb/2V       =   0.000         
  P itch rate   ->  qc/2V       =   0.000         
  Y aw   rate   ->  rb/2V       =   0.000         
  D1  aileron   ->  aileron     =   0.000         
  D2  elevator  ->  elevator    =   0.000         
  D3  rudder    ->  rudder      =   0.000         
  ------------      ------------------------

  C1  set level or banked  horizontal flight constraints
  C2  set steady pitch rate (looping) flight constraints
  M odify parameters                                    

 "#" select  run case          L ist defined run cases   
  +  add new run case          S ave run cases to file   
  -  delete  run case          F etch run cases from file
  N ame current run case       W rite forces to file     

 eX ecute run case             I nitialize variables     

  G eometry plot               T refftz Plane plot       

  ST  stability derivatives    FT  total   forces        
  SB  body-axis derivatives    FN  surface forces        
  RE  reference quantities     FS  strip   forces        
  DE  design changes           FE  element forces        
  O ptions                     FB  body forces           
                               HM  hinge moments         
                               VM  strip shear,moment    
  MRF  machine-readable format CPOM OML surface pressures

 .OPER (case 1/1)   c>  
 Operation of run case 1/1:   -unnamed-                              
 ==========================================================

  variable          constraint              
  ------------      ------------------------
  A lpha        ->  alpha       =   0.000         
  B eta         ->  beta        =   0.000         
  R oll  rate   ->  pb/2V       =   0.000         
  P itch rate   ->  qc/2V       =   0.000         
  Y aw   rate   ->  rb/2V       =   0.000         
  D1  aileron   ->  aileron     =   0.000         
  D2  elevator  ->  elevator    =   0.000         
  D3  rudder    ->  rudder      =   0.000         
  ------------      ------------------------

  C1  set level or banked  horizontal flight constraints
  C2  set steady pitch rate (looping) flight constraints
  M odify parameters                                    

 "#" select  run case          L ist defined run cases   
  +  add new run case          S ave run cases to file   
  -  delete  run case          F etch run cases from file
  N ame current run case       W rite forces to file     

 eX ecute run case             I nitialize variables     

  G eometry plot               T refftz Plane plot       

  ST  stability derivatives    FT  total   forces        
  SB  body-axis derivatives    FN  surface forces        
  RE  reference quantities     FS  strip   forces        
  DE  design changes           FE  element forces        
  O ptions                     FB  body forces           
                               HM  hinge moments         
                               VM  strip shear,moment    
  MRF  machine-readable format CPOM OML surface pressures

 .OPER (case 1/1)   c>    Building normalwash AIC matrix...
  Factoring normalwash AIC matrix...
  Building source+doublet strength AIC matrix...
  Building source+doublet velocity AIC matrix...
  Building bound-vortex velocity matrix...

 iter d(alpha)   d(beta)    d(pb/2V)   d(qc/2V)   d(rb/2V)   aileron    elevator   rudder     
   1 -0.000E+00 -0.000E+00  0.000E+00 -0.000E+00  0.000E+00 -0.000E+00 -0.000E+00 -0.000E+00
 ---------------------------------------------------------------
 Vortex Lattice Output -- Total Forces

 Configuration: gokce                                                       
     # Surfaces =   5
     # Strips   =  82
     # Vortices = 752

  Sref = 0.63950       Cref = 0.34570       Bref =  1.8800    
  Xref = 0.80700E-01   Yref =  0.0000       Zref = -0.0000    

 Standard axis orientation,  X fwd, Z down         

 Run case:  -unnamed-                              

  Alpha =   0.00000     pb/2V =  -0.00000     p'b/2V =  -0.00000
  Beta  =   0.00000     qc/2V =   0.00000
  Mach  =     0.000     rb/2V =  -0.00000     r'b/2V =  -0.00000

  CXtot =  -0.00380     Cltot =   0.00000     Cl'tot =   0.00000
  CYtot =  -0.00000     Cmtot =   0.01828
  CZtot =  -0.25616     Cntot =   0.00000     Cn'tot =   0.00000

  CLtot =   0.25616
  CDtot =   0.00380
  CDvis =   0.00000     CDind = 0.0038021
  CLff  =   0.25616     CDff  = 0.0047766    | Trefftz
  CYff  =  -0.00000         e =    0.7912    | Plane  

   aileron         =   0.00000
   elevator        =   0.00000
   rudder          =   0.00000

 ---------------------------------------------------------------

 Operation of run case 1/1:   -unnamed-                              
 ==========================================================

  variable          constraint              
  ------------      ------------------------
  A lpha        ->  alpha       =   0.000         
  B eta         ->  beta        =   0.000         
  R oll  rate   ->  pb/2V       =   0.000         
  P itch rate   ->  qc/2V       =   0.000         
  Y aw   rate   ->  rb/2V       =   0.000         
  D1  aileron   ->  aileron     =   0.000         
  D2  elevator  ->  elevator    =   0.000         
  D3  rudder    ->  rudder      =   0.000         
  ------------      ------------------------

  C1  set level or banked  horizontal flight constraints
  C2  set steady pitch rate (looping) flight constraints
  M odify parameters                                    

 "#" select  run case          L ist defined run cases   
  +  add new run case          S ave run cases to file   
  -  delete  run case          F etch run cases from file
  N ame current run case       W rite forces to file     

 eX ecute run case             I nitialize variables     

  G eometry plot               T refftz Plane plot       

  ST  stability derivatives    FT  total   forces        
  SB  body-axis derivatives    FN  surface forces        
  RE  reference quantities     FS  strip   forces        
  DE  design changes           FE  element forces        
  O ptions                     FB  body forces           
                               HM  hinge moments         
                               VM  strip shear,moment    
  MRF  machine-readable format CPOM OML surface pressures

 .OPER (case 1/1)   c>  
 Operation of run case 1/1:   -unnamed-                              
 ==========================================================

  variable          constraint              
  ------------      ------------------------
  A lpha        ->  alpha       =   0.000         
  B eta         ->  beta        =   0.000         
  R oll  rate   ->  pb/2V       =   0.000         
  P itch rate   ->  qc/2V       =   0.000         
  Y aw   rate   ->  rb/2V       =   0.000         
  D1  aileron   ->  aileron     =   0.000         
  D2  elevator  ->  elevator    =   0.000         
  D3  rudder    ->  rudder      =   0.000         
  ------------      ------------------------

  C1  set level or banked  horizontal flight constraints
  C2  set steady pitch rate (looping) flight constraints
  M odify parameters                                    

 "#" select  run case          L ist defined run cases   
  +  add new run case          S ave run cases to file   
  -  delete  run case          F etch run cases from file
  N ame current run case       W rite forces to file     

 eX ecute run case             I nitialize variables     

  G eometry plot               T refftz Plane plot       

  ST  stability derivatives    FT  total   forces        
  SB  body-axis derivatives    FN  surface forces        
  RE  reference quantities     FS  strip   forces        
  DE  design changes           FE  element forces        
  O ptions                     FB  body forces           
                               HM  hinge moments         
                               VM  strip shear,moment    
  MRF  machine-readable format CPOM OML surface pressures

 .OPER (case 1/1)   c>  
 Operation of run case 1/1:   -unnamed-                              
 ==========================================================

  variable          constraint              
  ------------      ------------------------
  A lpha        ->  CL          =  0.4348         
  B eta         ->  beta        =   0.000         
  R oll  rate   ->  pb/2V       =   0.000         
  P itch rate   ->  qc/2V       =   0.000         
  Y aw   rate   ->  rb/2V       =   0.000         
  D1  aileron   ->  aileron     =   0.000         
  D2  elevator  ->  elevator    =   0.000         
  D3  rudder    ->  rudder      =   0.000         
  ------------      ------------------------

  C1  set level or banked  horizontal flight constraints
  C2  set steady pitch rate (looping) flight constraints
  M odify parameters                                    

 "#" select  run case          L ist defined run cases   
  +  add new run case          S ave run cases to file   
  -  delete  run case          F etch run cases from file
  N ame current run case       W rite forces to file     

 eX ecute run case             I nitialize variables     

  G eometry plot               T refftz Plane plot       

  ST  stability derivatives    FT  total   forces        
  SB  body-axis derivatives    FN  surface forces        
  RE  reference quantities     FS  strip   forces        
  DE  design changes           FE  element forces        
  O ptions                     FB  body forces           
                               HM  hinge moments         
                               VM  strip shear,moment    
  MRF  machine-readable format CPOM OML surface pressures

 .OPER (case 1/1)   c>  
 iter d(alpha)   d(beta)    d(pb/2V)   d(qc/2V)   d(rb/2V)   aileron    elevator   rudder     
   1  0.231E+01 -0.000E+00  0.000E+00 -0.000E+00 -0.000E+00 -0.000E+00 -0.000E+00 -0.000E+00
   2  0.697E-02 -0.000E+00  0.000E+00 -0.000E+00 -0.000E+00 -0.000E+00 -0.000E+00 -0.000E+00
   3  0.924E-07 -0.000E+00  0.000E+00 -0.000E+00 -0.000E+00 -0.000E+00 -0.000E+00 -0.000E+00
 ---------------------------------------------------------------
 Vortex Lattice Output -- Total Forces

 Configuration: gokce                                                       
     # Surfaces =   5
     # Strips   =  82
     # Vortices = 752

  Sref = 0.63950       Cref = 0.34570       Bref =  1.8800    
  Xref = 0.80700E-01   Yref =  0.0000       Zref = -0.0000    

 Standard axis orientation,  X fwd, Z down         

 Run case:  -unnamed-                              

  Alpha =   2.32186     pb/2V =  -0.00000     p'b/2V =  -0.00000
  Beta  =   0.00000     qc/2V =   0.00000
  Mach  =     0.000     rb/2V =  -0.00000     r'b/2V =  -0.00000

  CXtot =   0.00696     Cltot =  -0.00000     Cl'tot =  -0.00000
  CYtot =  -0.00000     Cmtot =  -0.00844
  CZtot =  -0.43487     Cntot =   0.00000     Cn'tot =   0.00000

  CLtot =   0.43480
  CDtot =   0.01066
  CDvis =   0.00000     CDind = 0.0106617
  CLff  =   0.43523     CDff  = 0.0114980    | Trefftz
  CYff  =  -0.00000         e =    0.9488    | Plane  

   aileron         =   0.00000
   elevator        =   0.00000
   rudder          =   0.00000

 ---------------------------------------------------------------

 Operation of run case 1/1:   -unnamed-                              
 ==========================================================

  variable          constraint              
  ------------      ------------------------
  A lpha        ->  CL          =  0.4348         
  B eta         ->  beta        =   0.000         
  R oll  rate   ->  pb/2V       =   0.000         
  P itch rate   ->  qc/2V       =   0.000         
  Y aw   rate   ->  rb/2V       =   0.000         
  D1  aileron   ->  aileron     =   0.000         
  D2  elevator  ->  elevator    =   0.000         
  D3  rudder    ->  rudder      =   0.000         
  ------------      ------------------------

  C1  set level or banked  horizontal flight constraints
  C2  set steady pitch rate (looping) flight constraints
  M odify parameters                                    

 "#" select  run case          L ist defined run cases   
  +  add new run case          S ave run cases to file   
  -  delete  run case          F etch run cases from file
  N ame current run case       W rite forces to file     

 eX ecute run case             I nitialize variables     

  G eometry plot               T refftz Plane plot       

  ST  stability derivatives    FT  total   forces        
  SB  body-axis derivatives    FN  surface forces        
  RE  reference quantities     FS  strip   forces        
  DE  design changes           FE  element forces        
  O ptions                     FB  body forces           
                               HM  hinge moments         
                               VM  strip shear,moment    
  MRF  machine-readable format CPOM OML surface pressures

 .OPER (case 1/1)   c>  
 Operation of run case 1/1:   -unnamed-                              
 ==========================================================

  variable          constraint              
  ------------      ------------------------
  A lpha        ->  CL          =  0.4348         
  B eta         ->  beta        =   0.000         
  R oll  rate   ->  pb/2V       =   0.000         
  P itch rate   ->  qc/2V       =   0.000         
  Y aw   rate   ->  rb/2V       =   0.000         
  D1  aileron   ->  aileron     =   0.000         
  D2  elevator  ->  elevator    =   0.000         
  D3  rudder    ->  rudder      =   0.000         
  ------------      ------------------------

  C1  set level or banked  horizontal flight constraints
  C2  set steady pitch rate (looping) flight constraints
  M odify parameters                                    

 "#" select  run case          L ist defined run cases   
  +  add new run case          S ave run cases to file   
  -  delete  run case          F etch run cases from file
  N ame current run case       W rite forces to file     

 eX ecute run case             I nitialize variables     

  G eometry plot               T refftz Plane plot       

  ST  stability derivatives    FT  total   forces        
  SB  body-axis derivatives    FN  surface forces        
  RE  reference quantities     FS  strip   forces        
  DE  design changes           FE  element forces        
  O ptions                     FB  body forces           
                               HM  hinge moments         
                               VM  strip shear,moment    
  MRF  machine-readable format CPOM OML surface pressures

 .OPER (case 1/1)   c>  
 Operation of run case 1/1:   -unnamed-                              
 ==========================================================

  variable          constraint              
  ------------      ------------------------
  A lpha        ->  alpha       =   0.000         
  B eta         ->  beta        =   0.000         
  R oll  rate   ->  pb/2V       =   0.000         
  P itch rate   ->  qc/2V       =   0.000         
  Y aw   rate   ->  rb/2V       =   0.000         
  D1  aileron   ->  aileron     =   0.000         
  D2  elevator  ->  elevator    =   0.000         
  D3  rudder    ->  rudder      =   0.000         
  ------------      ------------------------

  C1  set level or banked  horizontal flight constraints
  C2  set steady pitch rate (looping) flight constraints
  M odify parameters                                    

 "#" select  run case          L ist defined run cases   
  +  add new run case          S ave run cases to file   
  -  delete  run case          F etch run cases from file
  N ame current run case       W rite forces to file     

 eX ecute run case             I nitialize variables     

  G eometry plot               T refftz Plane plot       

  ST  stability derivatives    FT  total   forces        
  SB  body-axis derivatives    FN  surface forces        
  RE  reference quantities     FS  strip   forces        
  DE  design changes           FE  element forces        
  O ptions                     FB  body forces           
                               HM  hinge moments         
                               VM  strip shear,moment    
  MRF  machine-readable format CPOM OML surface pressures

 .OPER (case 1/1)   c>  
 Operation of run case 1/1:   -unnamed-                              
 ==========================================================

  variable          constraint              
  ------------      ------------------------
  A lpha        ->  alpha       =   0.000         
  B eta         ->  beta        =   0.000         
  R oll  rate   ->  pb/2V       =   0.000         
  P itch rate   ->  qc/2V       =   0.000         
  Y aw   rate   ->  rb/2V       =   0.000         
  D1  aileron   ->  aileron     =   0.000         
  D2  elevator  ->  elevator    =   5.000         
  D3  rudder    ->  rudder      =   0.000         
  ------------      ------------------------

  C1  set level or banked  horizontal flight constraints
  C2  set steady pitch rate (looping) flight constraints
  M odify parameters                                    

 "#" select  run case          L ist defined run cases   
  +  add new run case          S ave run cases to file   
  -  delete  run case          F etch run cases from file
  N ame current run case       W rite forces to file     

 eX ecute run case             I nitialize variables     

  G eometry plot               T refftz Plane plot       

  ST  stability derivatives    FT  total   forces        
  SB  body-axis derivatives    FN  surface forces        
  RE  reference quantities     FS  strip   forces        
  DE  design changes           FE  element forces        
  O ptions                     FB  body forces           
                               HM  hinge moments         
                               VM  strip shear,moment    
  MRF  machine-readable format CPOM OML surface pressures

 .OPER (case 1/1)   c>  
 iter d(alpha)   d(beta)    d(pb/2V)   d(qc/2V)   d(rb/2V)   aileron    elevator   rudder     
   1 -0.000E+00 -0.000E+00 -0.000E+00 -0.000E+00 -0.000E+00 -0.000E+00  0.500E+01 -0.000E+00
   2 -0.000E+00 -0.000E+00  0.000E+00 -0.000E+00  0.000E+00 -0.000E+00 -0.000E+00 -0.000E+00
 ---------------------------------------------------------------
 Vortex Lattice Output -- Total Forces

 Configuration: gokce                                                       
     # Surfaces =   5
     # Strips   =  82
     # Vortices = 752

  Sref = 0.63950       Cref = 0.34570       Bref =  1.8800    
  Xref = 0.80700E-01   Yref =  0.0000       Zref = -0.0000    

 Standard axis orientation,  X fwd, Z down         

 Run case:  -unnamed-                              

  Alpha =   0.00000     pb/2V =  -0.00000     p'b/2V =  -0.00000
  Beta  =   0.00000     qc/2V =   0.00000
  Mach  =     0.000     rb/2V =  -0.00000     r'b/2V =  -0.00000

  CXtot =  -0.00500     Cltot =   0.00000     Cl'tot =   0.00000
  CYtot =  -0.00000     Cmtot =  -0.08685
  CZtot =  -0.29290     Cntot =   0.00000     Cn'tot =   0.00000

  CLtot =   0.29290
  CDtot =   0.00500
  CDvis =   0.00000     CDind = 0.0049967
  CLff  =   0.29290     CDff  = 0.0046553    | Trefftz
  CYff  =  -0.00000         e =    1.0614    | Plane  

   aileron         =   0.00000
   elevator        =   5.00000
   rudder          =   0.00000

 ---------------------------------------------------------------

 Operation of run case 1/1:   -unnamed-                              
 ==========================================================

  variable          constraint              
  ------------      ------------------------
  A lpha        ->  alpha       =   0.000         
  B eta         ->  beta        =   0.000         
  R oll  rate   ->  pb/2V       =   0.000         
  P itch rate   ->  qc/2V       =   0.000         
  Y aw   rate   ->  rb/2V       =   0.000         
  D1  aileron   ->  aileron     =   0.000         
  D2  elevator  ->  elevator    =   5.000         
  D3  rudder    ->  rudder      =   0.000         
  ------------      ------------------------

  C1  set level or banked  horizontal flight constraints
  C2  set steady pitch rate (looping) flight constraints
  M odify parameters                                    

 "#" select  run case          L ist defined run cases   
  +  add new run case          S ave run cases to file   
  -  delete  run case          F etch run cases from file
  N ame current run case       W rite forces to file     

 eX ecute run case             I nitialize variables     

  G eometry plot               T refftz Plane plot       

  ST  stability derivatives    FT  total   forces        
  SB  body-axis derivatives    FN  surface forces        
  RE  reference quantities     FS  strip   forces        
  DE  design changes           FE  element forces        
  O ptions                     FB  body forces           
                               HM  hinge moments         
                               VM  strip shear,moment    
  MRF  machine-readable format CPOM OML surface pressures

 .OPER (case 1/1)   c>  
 Operation of run case 1/1:   -unnamed-                              
 ==========================================================

  variable          constraint              
  ------------      ------------------------
  A lpha        ->  alpha       =   0.000         
  B eta         ->  beta        =   0.000         
  R oll  rate   ->  pb/2V       =   0.000         
  P itch rate   ->  qc/2V       =   0.000         
  Y aw   rate   ->  rb/2V       =   0.000         
  D1  aileron   ->  aileron     =   0.000         
  D2  elevator  ->  elevator    =   5.000         
  D3  rudder    ->  rudder      =   0.000         
  ------------      ------------------------

  C1  set level or banked  horizontal flight constraints
  C2  set steady pitch rate (looping) flight constraints
  M odify parameters                                    

 "#" select  run case          L ist defined run cases   
  +  add new run case          S ave run cases to file   
  -  delete  run case          F etch run cases from file
  N ame current run case       W rite forces to file     

 eX ecute run case             I nitialize variables     

  G eometry plot               T refftz Plane plot       

  ST  stability derivatives    FT  total   forces        
  SB  body-axis derivatives    FN  surface forces        
  RE  reference quantities     FS  strip   forces        
  DE  design changes           FE  element forces        
  O ptions                     FB  body forces           
                               HM  hinge moments         
                               VM  strip shear,moment    
  MRF  machine-readable format CPOM OML surface pressures

 .OPER (case 1/1)   c>  
 AVL   c>  