
 ===================================================
  Athena Vortex Lattice  Program      Version  3.40
  Copyright (C) 2002   Mark Drela, Harold Youngren

  This software comes with ABSOLUTELY NO WARRANTY,
    subject to the GNU General Public License.

  Caveat computor
 ===================================================

 ==========================================================
   Quit    Exit program

  .OPER    Compute operating-point run cases
  .MODE    Eigenvalue analysis of run cases
  .TIME    Time-domain calculations

   LOAD f  Read configuration input file
   MASS f  Read mass distribution file
   CASE f  Read run case file

   CINI    Clear and initialize run cases
   MSET i  Apply mass file data to stored run case(s)

  .PLOP    Plotting options
   NAME s  Specify new configuration name

 AVL   c>  
 Reading file: runs/pasifik/model.avl  ...

 Configuration: pasifik                                                     

   Building surface: Wing                                    
     Reading airfoil from file: airfoils/psu94097.dat
     Reading airfoil from file: airfoils/psu94097.dat
     Reading airfoil from file: airfoils/psu94097.dat
  
   Building duplicate image-surface: Wing (YDUP)                             

   Building surface: Horizontal tail                         
  
   Building duplicate image-surface: Horizontal tail (YDUP)                  

   Building surface: Fin                                     

 Mach =    0.0000  (default)

    0 Bodies
    5 Solid surfaces
   82 Strips
  752 Vortices

    3 Control variables
    0 Design parameters

 Initializing run cases...

 AVL   c>  
 Operation of run case 1/1:   -unnamed-                              
 ==========================================================

  variable          constraint              
  ------------      ------------------------
  A lpha        ->  alpha       =   0.000         
  B eta         ->  beta        =   0.000         
  R oll  rate   ->  pb/2V       =   0.000         
  P itch rate   ->  qc/2V       =   0.000         
  Y aw   rate   ->  rb/2V       =   0.000         
  D1  aileron   ->  aileron     =   0.000         
  D2  elevator  ->  elevator    =   0.000         
  D3  rudder    ->  rudder      =   0.000         
  ------------      ------------------------

  C1  set level or banked  horizontal flight constraints
  C2  set steady pitch rate (looping) flight constraints
  M odify parameters                                    

 "#" select  run case          L ist defined run cases   
  +  add new run case          S ave run cases to file   
  -  delete  run case          F etch run cases from file
  N ame current run case       W rite forces to file     

 eX ecute run case             I nitialize variables     

  G eometry plot               T refftz Plane plot       

  ST  stability derivatives    FT  total   forces        
  SB  body-axis derivatives    FN  surface forces        
  RE  reference quantities     FS  strip   forces        
  DE  design changes           FE  element forces        
  O ptions                     FB  body forces           
                               HM  hinge moments         
                               VM  strip shear,moment    
  MRF  machine-readable format CPOM OML surface pressures

 .OPER (case 1/1)   c>  
 Operation of run case 1/1:   -unnamed-                              
 ==========================================================

  variable          constraint              
  ------------      ------------------------
  A lpha        ->  alpha       =   0.000         
  B eta         ->  beta        =   0.000         
  R oll  rate   ->  pb/2V       =   0.000         
  P itch rate   ->  qc/2V       =   0.000         
  Y aw   rate   ->  rb/2V       =   0.000         
  D1  aileron   ->  aileron     =   0.000         
  D2  elevator  ->  elevator    =   0.000         
  D3  rudder    ->  rudder      =   0.000         
  ------------      ------------------------

  C1  set level or banked  horizontal flight constraints
  C2  set steady pitch rate (looping) flight constraints
  M odify parameters                                    

 "#" select  run case          L ist defined run cases   
  +  add new run case          S ave run cases to file   
  -  delete  run case          F etch run cases from file
  N ame current run case       W rite forces to file     

 eX ecute run case             I nitialize variables     

  G eometry plot               T refftz Plane plot       

  ST  stability derivatives    FT  total   forces        
  SB  body-axis derivatives    FN  surface forces        
  RE  reference quantities     FS  strip   forces        
  DE  design changes           FE  element forces        
  O ptions                     FB  body forces           
                               HM  hinge moments         
                               VM  strip shear,moment    
  MRF  machine-readable format CPOM OML surface pressures

 .OPER (case 1/1)   c>    Building normalwash AIC matrix...
  Factoring normalwash AIC matrix...
  Building source+doublet strength AIC matrix...
  Building source+doublet velocity AIC matrix...
  Building bound-vortex velocity matrix...

 iter d(alpha)   d(beta)    d(pb/2V)   d(qc/2V)   d(rb/2V)   aileron    elevator   rudder     
   1 -0.000E+00 -0.000E+00  0.000E+00 -0.000E+00  0.000E+00 -0.000E+00 -0.000E+00 -0.000E+00
 ---------------------------------------------------------------
 Vortex Lattice Output -- Total Forces

 Configuration: pasifik                                                     
     # Surfaces =   5
     # Strips   =  82
     # Vortices = 752

  Sref = 0.83750       Cref = 0.34220       Bref =  2.5000    
  Xref = 0.12500       Yref =  0.0000       Zref =-0.30000E-02

 Standard axis orientation,  X fwd, Z down         

 Run case:  -unnamed-                              

  Alpha =   0.00000     pb/2V =  -0.00000     p'b/2V =  -0.00000
  Beta  =   0.00000     qc/2V =   0.00000
  Mach  =     0.000     rb/2V =  -0.00000     r'b/2V =  -0.00000

  CXtot =  -0.01287     Cltot =   0.00000     Cl'tot =   0.00000
  CYtot =  -0.00000     Cmtot =   0.01329
  CZtot =  -0.53206     Cntot =  -0.00000     Cn'tot =  -0.00000

  CLtot =   0.53206
  CDtot =   0.01287
  CDvis =   0.00000     CDind = 0.0128672
  CLff  =   0.53206     CDff  = 0.0129093    | Trefftz
  CYff  =  -0.00000         e =    0.9354    | Plane  

   aileron         =   0.00000
   elevator        =   0.00000
   rudder          =   0.00000

 ---------------------------------------------------------------

 Operation of run case 1/1:   -unnamed-                              
 ==========================================================

  variable          constraint              
  ------------      ------------------------
  A lpha        ->  alpha       =   0.000         
  B eta         ->  beta        =   0.000         
  R oll  rate   ->  pb/2V       =   0.000         
  P itch rate   ->  qc/2V       =   0.000         
  Y aw   rate   ->  rb/2V       =   0.000         
  D1  aileron   ->  aileron     =   0.000         
  D2  elevator  ->  elevator    =   0.000         
  D3  rudder    ->  rudder      =   0.000         
  ------------      ------------------------

  C1  set level or banked  horizontal flight constraints
  C2  set steady pitch rate (looping) flight constraints
  M odify parameters                                    

 "#" select  run case          L ist defined run cases   
  +  add new run case          S ave run cases to file   
  -  delete  run case          F etch run cases from file
  N ame current run case       W rite forces to file     

 eX ecute run case             I nitialize variables     

  G eometry plot               T refftz Plane plot       

  ST  stability derivatives    FT  total   forces        
  SB  body-axis derivatives    FN  surface forces        
  RE  reference quantities     FS  strip   forces        
  DE  design changes           FE  element forces        
  O ptions                     FB  body forces           
                               HM  hinge moments         
                               VM  strip shear,moment    
  MRF  machine-readable format CPOM OML surface pressures

 .OPER (case 1/1)   c>  
 Operation of run case 1/1:   -unnamed-                              
 ==========================================================

  variable          constraint              
  ------------      ------------------------
  A lpha        ->  alpha       =   0.000         
  B eta         ->  beta        =   0.000         
  R oll  rate   ->  pb/2V       =   0.000         
  P itch rate   ->  qc/2V       =   0.000         
  Y aw   rate   ->  rb/2V       =   0.000         
  D1  aileron   ->  aileron     =   0.000         
  D2  elevator  ->  elevator    =   0.000         
  D3  rudder    ->  rudder      =   0.000         
  ------------      ------------------------

  C1  set level or banked  horizontal flight constraints
  C2  set steady pitch rate (looping) flight constraints
  M odify parameters                                    

 "#" select  run case          L ist defined run cases   
  +  add new run case          S ave run cases to file   
  -  delete  run case          F etch run cases from file
  N ame current run case       W rite forces to file     

 eX ecute run case             I nitialize variables     

  G eometry plot               T refftz Plane plot       

  ST  stability derivatives    FT  total   forces        
  SB  body-axis derivatives    FN  surface forces        
  RE  reference quantities     FS  strip   forces        
  DE  design changes           FE  element forces        
  O ptions                     FB  body forces           
                               HM  hinge moments         
                               VM  strip shear,moment    
  MRF  machine-readable format CPOM OML surface pressures

 .OPER (case 1/1)   c>  
 Operation of run case 1/1:   -unnamed-                              
 ==========================================================

  variable          constraint              
  ------------      ------------------------
  A lpha        ->  CL          =  0.4963         
  B eta         ->  beta        =   0.000         
  R oll  rate   ->  pb/2V       =   0.000         
  P itch rate   ->  qc/2V       =   0.000         
  Y aw   rate   ->  rb/2V       =   0.000         
  D1  aileron   ->  aileron     =   0.000         
  D2  elevator  ->  elevator    =   0.000         
  D3  rudder    ->  rudder      =   0.000         
  ------------      ------------------------

  C1  set level or banked  horizontal flight constraints
  C2  set steady pitch rate (looping) flight constraints
  M odify parameters                                    

 "#" select  run case          L ist defined run cases   
  +  add new run case          S ave run cases to file   
  -  delete  run case          F etch run cases from file
  N ame current run case       W rite forces to file     

 eX ecute run case             I nitialize variables     

  G eometry plot               T refftz Plane plot       

  ST  stability derivatives    FT  total   forces        
  SB  body-axis derivatives    FN  surface forces        
  RE  reference quantities     FS  strip   forces        
  DE  design changes           FE  element forces        
  O ptions                     FB  body forces           
                               HM  hinge moments         
                               VM  strip shear,moment    
  MRF  machine-readable format CPOM OML surface pressures

 .OPER (case 1/1)   c>  
 iter d(alpha)   d(beta)    d(pb/2V)   d(qc/2V)   d(rb/2V)   aileron    elevator   rudder     
   1 -0.401E+00 -0.000E+00 -0.000E+00 -0.000E+00  0.000E+00 -0.000E+00 -0.000E+00 -0.000E+00
   2  0.258E-03 -0.000E+00  0.000E+00 -0.000E+00  0.000E+00 -0.000E+00 -0.000E+00 -0.000E+00
 ---------------------------------------------------------------
 Vortex Lattice Output -- Total Forces

 Configuration: pasifik                                                     
     # Surfaces =   5
     # Strips   =  82
     # Vortices = 752

  Sref = 0.83750       Cref = 0.34220       Bref =  2.5000    
  Xref = 0.12500       Yref =  0.0000       Zref =-0.30000E-02

 Standard axis orientation,  X fwd, Z down         

 Run case:  -unnamed-                              

  Alpha =  -0.40044     pb/2V =  -0.00000     p'b/2V =  -0.00000
  Beta  =   0.00000     qc/2V =   0.00000
  Mach  =     0.000     rb/2V =  -0.00000     r'b/2V =  -0.00000

  CXtot =  -0.01485     Cltot =   0.00000     Cl'tot =   0.00000
  CYtot =  -0.00000     Cmtot =   0.02242
  CZtot =  -0.49621     Cntot =  -0.00000     Cn'tot =  -0.00000

  CLtot =   0.49630
  CDtot =   0.01138
  CDvis =   0.00000     CDind = 0.0113838
  CLff  =   0.49622     CDff  = 0.0114261    | Trefftz
  CYff  =  -0.00000         e =    0.9192    | Plane  

   aileron         =   0.00000
   elevator        =   0.00000
   rudder          =   0.00000

 ---------------------------------------------------------------

 Operation of run case 1/1:   -unnamed-                              
 ==========================================================

  variable          constraint              
  ------------      ------------------------
  A lpha        ->  CL          =  0.4963         
  B eta         ->  beta        =   0.000         
  R oll  rate   ->  pb/2V       =   0.000         
  P itch rate   ->  qc/2V       =   0.000         
  Y aw   rate   ->  rb/2V       =   0.000         
  D1  aileron   ->  aileron     =   0.000         
  D2  elevator  ->  elevator    =   0.000         
  D3  rudder    ->  rudder      =   0.000         
  ------------      ------------------------

  C1  set level or banked  horizontal flight constraints
  C2  set steady pitch rate (looping) flight constraints
  M odify parameters                                    

 "#" select  run case          L ist defined run cases   
  +  add new run case          S ave run cases to file   
  -  delete  run case          F etch run cases from file
  N ame current run case       W rite forces to file     

 eX ecute run case             I nitialize variables     

  G eometry plot               T refftz Plane plot       

  ST  stability derivatives    FT  total   forces        
  SB  body-axis derivatives    FN  surface forces        
  RE  reference quantities     FS  strip   forces        
  DE  design changes           FE  element forces        
  O ptions                     FB  body forces           
                               HM  hinge moments         
                               VM  strip shear,moment    
  MRF  machine-readable format CPOM OML surface pressures

 .OPER (case 1/1)   c>  
 Operation of run case 1/1:   -unnamed-                              
 ==========================================================

  variable          constraint              
  ------------      ------------------------
  A lpha        ->  CL          =  0.4963         
  B eta         ->  beta        =   0.000         
  R oll  rate   ->  pb/2V       =   0.000         
  P itch rate   ->  qc/2V       =   0.000         
  Y aw   rate   ->  rb/2V       =   0.000         
  D1  aileron   ->  aileron     =   0.000         
  D2  elevator  ->  elevator    =   0.000         
  D3  rudder    ->  rudder      =   0.000         
  ------------      ------------------------

  C1  set level or banked  horizontal flight constraints
  C2  set steady pitch rate (looping) flight constraints
  M odify parameters                                    

 "#" select  run case          L ist defined run cases   
  +  add new run case          S ave run cases to file   
  -  delete  run case          F etch run cases from file
  N ame current run case       W rite forces to file     

 eX ecute run case             I nitialize variables     

  G eometry plot               T refftz Plane plot       

  ST  stability derivatives    FT  total   forces        
  SB  body-axis derivatives    FN  surface forces        
  RE  reference quantities     FS  strip   forces        
  DE  design changes           FE  element forces        
  O ptions                     FB  body forces           
                               HM  hinge moments         
                               VM  strip shear,moment    
  MRF  machine-readable format CPOM OML surface pressures

 .OPER (case 1/1)   c>  
 Operation of run case 1/1:   -unnamed-                              
 ==========================================================

  variable          constraint              
  ------------      ------------------------
  A lpha        ->  alpha       =   0.000         
  B eta         ->  beta        =   0.000         
  R oll  rate   ->  pb/2V       =   0.000         
  P itch rate   ->  qc/2V       =   0.000         
  Y aw   rate   ->  rb/2V       =   0.000         
  D1  aileron   ->  aileron     =   0.000         
  D2  elevator  ->  elevator    =   0.000         
  D3  rudder    ->  rudder      =   0.000         
  ------------      ------------------------

  C1  set level or banked  horizontal flight constraints
  C2  set steady pitch rate (looping) flight constraints
  M odify parameters                                    

 "#" select  run case          L ist defined run cases   
  +  add new run case          S ave run cases to file   
  -  delete  run case          F etch run cases from file
  N ame current run case       W rite forces to file     

 eX ecute run case             I nitialize variables     

  G eometry plot               T refftz Plane plot       

  ST  stability derivatives    FT  total   forces        
  SB  body-axis derivatives    FN  surface forces        
  RE  reference quantities     FS  strip   forces        
  DE  design changes           FE  element forces        
  O ptions                     FB  body forces           
                               HM  hinge moments         
                               VM  strip shear,moment    
  MRF  machine-readable format CPOM OML surface pressures

 .OPER (case 1/1)   c>  
 Operation of run case 1/1:   -unnamed-                              
 ==========================================================

  variable          constraint              
  ------------      ------------------------
  A lpha        ->  alpha       =   0.000         
  B eta         ->  beta        =   0.000         
  R oll  rate   ->  pb/2V       =   0.000         
  P itch rate   ->  qc/2V       =   0.000         
  Y aw   rate   ->  rb/2V       =   0.000         
  D1  aileron   ->  aileron     =   0.000         
  D2  elevator  ->  elevator    =   5.000         
  D3  rudder    ->  rudder      =   0.000         
  ------------      ------------------------

  C1  set level or banked  horizontal flight constraints
  C2  set steady pitch rate (looping) flight constraints
  M odify parameters                                    

 "#" select  run case          L ist defined run cases   
  +  add new run case          S ave run cases to file   
  -  delete  run case          F etch run cases from file
  N ame current run case       W rite forces to file     

 eX ecute run case             I nitialize variables     

  G eometry plot               T refftz Plane plot       

  ST  stability derivatives    FT  total   forces        
  SB  body-axis derivatives    FN  surface forces        
  RE  reference quantities     FS  strip   forces        
  DE  design changes           FE  element forces        
  O ptions                     FB  body forces           
                               HM  hinge moments         
                               VM  strip shear,moment    
  MRF  machine-readable format CPOM OML surface pressures

 .OPER (case 1/1)   c>  
 iter d(alpha)   d(beta)    d(pb/2V)   d(qc/2V)   d(rb/2V)   aileron    elevator   rudder     
   1 -0.000E+00 -0.000E+00 -0.000E+00 -0.000E+00 -0.000E+00 -0.000E+00  0.500E+01 -0.000E+00
   2 -0.000E+00 -0.000E+00  0.000E+00 -0.000E+00  0.000E+00 -0.000E+00 -0.000E+00 -0.000E+00
 ---------------------------------------------------------------
 Vortex Lattice Output -- Total Forces

 Configuration: pasifik                                                     
     # Surfaces =   5
     # Strips   =  82
     # Vortices = 752

  Sref = 0.83750       Cref = 0.34220       Bref =  2.5000    
  Xref = 0.12500       Yref =  0.0000       Zref =-0.30000E-02

 Standard axis orientation,  X fwd, Z down         

 Run case:  -unnamed-                              

  Alpha =   0.00000     pb/2V =  -0.00000     p'b/2V =  -0.00000
  Beta  =   0.00000     qc/2V =   0.00000
  Mach  =     0.000     rb/2V =  -0.00000     r'b/2V =  -0.00000

  CXtot =  -0.01421     Cltot =   0.00000     Cl'tot =   0.00000
  CYtot =  -0.00000     Cmtot =  -0.13357
  CZtot =  -0.57701     Cntot =  -0.00000     Cn'tot =  -0.00000

  CLtot =   0.57701
  CDtot =   0.01421
  CDvis =   0.00000     CDind = 0.0142056
  CLff  =   0.57701     CDff  = 0.0142492    | Trefftz
  CYff  =  -0.00000         e =    0.9966    | Plane  

   aileron         =   0.00000
   elevator        =   5.00000
   rudder          =   0.00000

 ---------------------------------------------------------------

 Operation of run case 1/1:   -unnamed-                              
 ==========================================================

  variable          constraint              
  ------------      ------------------------
  A lpha        ->  alpha       =   0.000         
  B eta         ->  beta        =   0.000         
  R oll  rate   ->  pb/2V       =   0.000         
  P itch rate   ->  qc/2V       =   0.000         
  Y aw   rate   ->  rb/2V       =   0.000         
  D1  aileron   ->  aileron     =   0.000         
  D2  elevator  ->  elevator    =   5.000         
  D3  rudder    ->  rudder      =   0.000         
  ------------      ------------------------

  C1  set level or banked  horizontal flight constraints
  C2  set steady pitch rate (looping) flight constraints
  M odify parameters                                    

 "#" select  run case          L ist defined run cases   
  +  add new run case          S ave run cases to file   
  -  delete  run case          F etch run cases from file
  N ame current run case       W rite forces to file     

 eX ecute run case             I nitialize variables     

  G eometry plot               T refftz Plane plot       

  ST  stability derivatives    FT  total   forces        
  SB  body-axis derivatives    FN  surface forces        
  RE  reference quantities     FS  strip   forces        
  DE  design changes           FE  element forces        
  O ptions                     FB  body forces           
                               HM  hinge moments         
                               VM  strip shear,moment    
  MRF  machine-readable format CPOM OML surface pressures

 .OPER (case 1/1)   c>  
 Operation of run case 1/1:   -unnamed-                              
 ==========================================================

  variable          constraint              
  ------------      ------------------------
  A lpha        ->  alpha       =   0.000         
  B eta         ->  beta        =   0.000         
  R oll  rate   ->  pb/2V       =   0.000         
  P itch rate   ->  qc/2V       =   0.000         
  Y aw   rate   ->  rb/2V       =   0.000         
  D1  aileron   ->  aileron     =   0.000         
  D2  elevator  ->  elevator    =   5.000         
  D3  rudder    ->  rudder      =   0.000         
  ------------      ------------------------

  C1  set level or banked  horizontal flight constraints
  C2  set steady pitch rate (looping) flight constraints
  M odify parameters                                    

 "#" select  run case          L ist defined run cases   
  +  add new run case          S ave run cases to file   
  -  delete  run case          F etch run cases from file
  N ame current run case       W rite forces to file     

 eX ecute run case             I nitialize variables     

  G eometry plot               T refftz Plane plot       

  ST  stability derivatives    FT  total   forces        
  SB  body-axis derivatives    FN  surface forces        
  RE  reference quantities     FS  strip   forces        
  DE  design changes           FE  element forces        
  O ptions                     FB  body forces           
                               HM  hinge moments         
                               VM  strip shear,moment    
  MRF  machine-readable format CPOM OML surface pressures

 .OPER (case 1/1)   c>  
 AVL   c>  